<?xml version="1.0" encoding="UTF-8"?>
<!-- Generated by org.testng.reporters.JUnitXMLReporter -->
<testsuite ignored="0" hostname="Yens-MacBook-Pro.local" failures="0" tests="5" name="Test" time="18.021" errors="0" timestamp="29 Jul 2023 08:26:56 GMT">
  <testcase classname="com.nopcommerce.account.Account_01_Register" name="Register_01_Empty_Data" time="2.921"/>
  <testcase classname="com.nopcommerce.account.Account_01_Register" name="Register_02_Invalid_Email" time="1.695"/>
  <testcase classname="com.nopcommerce.account.Account_01_Register" name="Register_03_Invalid_Password" time="1.315"/>
  <testcase classname="com.nopcommerce.account.Account_01_Register" name="Register_04_Incorrect_Confirm_Password" time="1.711"/>
  <testcase classname="com.nopcommerce.account.Account_01_Register" name="Register_05_Success" time="1.893"/>
</testsuite> <!-- Test -->
