<?xml version="1.0" encoding="UTF-8"?>
<testng-results ignored="0" total="1" passed="1" failed="0" skipped="0">
  <reporter-output>
  </reporter-output>
  <suite started-at="2023-07-29T08:53:45Z" name="Default suite" finished-at="2023-07-29T08:53:56Z" duration-ms="11562">
    <groups>
    </groups>
    <test started-at="2023-07-29T08:53:45Z" name="Default test" finished-at="2023-07-29T08:53:56Z" duration-ms="11562">
      <class name="eclipseTips.HotKeys">
        <test-method is-config="true" signature="beforeClass()[pri:0, instance:eclipseTips.HotKeys@55fe41ea]" started-at="2023-07-29T08:53:45Z" name="beforeClass" finished-at="2023-07-29T08:53:53Z" duration-ms="8250" status="PASS">
          <reporter-output>
          </reporter-output>
        </test-method> <!-- beforeClass -->
        <test-method signature="Register_01_Empty_Data()[pri:0, instance:eclipseTips.HotKeys@55fe41ea]" started-at="2023-07-29T08:53:53Z" name="Register_01_Empty_Data" finished-at="2023-07-29T08:53:56Z" duration-ms="3254" status="PASS">
          <reporter-output>
          </reporter-output>
        </test-method> <!-- Register_01_Empty_Data -->
      </class> <!-- eclipseTips.HotKeys -->
    </test> <!-- Default test -->
  </suite> <!-- Default suite -->
</testng-results>
